<?xml version="1.0" encoding="UTF-8"?>
<!-- Generated by org.testng.reporters.JUnitXMLReporter -->
<testsuite ignored="0" hostname="SwarnaPC" failures="0" tests="3" name="Default test" time="41.796" errors="0" timestamp="01 Feb 2020 06:00:43 GMT">
  <testcase classname="com.leafBot.testcases.TC001_LoginLogOut" name="createLeaf" time="3.307"/>
  <testcase classname="com.leafBot.testcases.TC001_LoginLogOut" name="createLeaf" time="2.766"/>
  <testcase classname="com.leafBot.testcases.TC001_LoginLogOut" name="createLeaf" time="2.976"/>
</testsuite> <!-- Default test -->
